{"F:\\TOP\\wheres-waldo\\app\\javascript\\components\\App.js": {"path":"F:\\TOP\\wheres-waldo\\app\\javascript\\components\\App.js","statementMap":{"0":{"start":{"line":10,"column":12},"end":{"line":154,"column":1}},"1":{"start":{"line":11,"column":46},"end":{"line":11,"column":57}},"2":{"start":{"line":13,"column":42},"end":{"line":13,"column":54}},"3":{"start":{"line":14,"column":38},"end":{"line":14,"column":50}},"4":{"start":{"line":16,"column":54},"end":{"line":16,"column":65}},"5":{"start":{"line":17,"column":45},"end":{"line":17,"column":57}},"6":{"start":{"line":19,"column":42},"end":{"line":19,"column":57}},"7":{"start":{"line":20,"column":40},"end":{"line":20,"column":51}},"8":{"start":{"line":22,"column":4},"end":{"line":25,"column":24}},"9":{"start":{"line":23,"column":8},"end":{"line":23,"column":39}},"10":{"start":{"line":24,"column":8},"end":{"line":24,"column":37}},"11":{"start":{"line":27,"column":4},"end":{"line":31,"column":34}},"12":{"start":{"line":28,"column":8},"end":{"line":30,"column":11}},"13":{"start":{"line":29,"column":12},"end":{"line":29,"column":34}},"14":{"start":{"line":34,"column":8},"end":{"line":41,"column":9}},"15":{"start":{"line":38,"column":12},"end":{"line":38,"column":24}},"16":{"start":{"line":40,"column":12},"end":{"line":40,"column":25}},"17":{"start":{"line":45,"column":8},"end":{"line":45,"column":29}},"18":{"start":{"line":46,"column":8},"end":{"line":46,"column":25}},"19":{"start":{"line":47,"column":8},"end":{"line":47,"column":28}},"20":{"start":{"line":51,"column":6},"end":{"line":66,"column":42}},"21":{"start":{"line":54,"column":32},"end":{"line":54,"column":54}},"22":{"start":{"line":55,"column":29},"end":{"line":62,"column":14}},"23":{"start":{"line":56,"column":16},"end":{"line":61,"column":18}},"24":{"start":{"line":59,"column":59},"end":{"line":59,"column":80}},"25":{"start":{"line":63,"column":12},"end":{"line":63,"column":37}},"26":{"start":{"line":64,"column":12},"end":{"line":64,"column":50}},"27":{"start":{"line":66,"column":24},"end":{"line":66,"column":40}},"28":{"start":{"line":70,"column":6},"end":{"line":77,"column":42}},"29":{"start":{"line":73,"column":12},"end":{"line":75,"column":13}},"30":{"start":{"line":74,"column":16},"end":{"line":74,"column":60}},"31":{"start":{"line":77,"column":24},"end":{"line":77,"column":40}},"32":{"start":{"line":81,"column":23},"end":{"line":81,"column":74}},"33":{"start":{"line":81,"column":52},"end":{"line":81,"column":70}},"34":{"start":{"line":82,"column":20},"end":{"line":82,"column":36}},"35":{"start":{"line":83,"column":8},"end":{"line":87,"column":9}},"36":{"start":{"line":84,"column":12},"end":{"line":84,"column":58}},"37":{"start":{"line":86,"column":12},"end":{"line":86,"column":44}},"38":{"start":{"line":91,"column":8},"end":{"line":95,"column":10}},"39":{"start":{"line":99,"column":8},"end":{"line":103,"column":9}},"40":{"start":{"line":107,"column":24},"end":{"line":107,"column":33}},"41":{"start":{"line":108,"column":8},"end":{"line":108,"column":79}},"42":{"start":{"line":112,"column":4},"end":{"line":151,"column":5}},"43":{"start":{"line":113,"column":8},"end":{"line":120,"column":8}},"44":{"start":{"line":121,"column":11},"end":{"line":151,"column":5}},"45":{"start":{"line":122,"column":8},"end":{"line":132,"column":8}},"46":{"start":{"line":134,"column":8},"end":{"line":150,"column":8}},"47":{"start":{"line":153,"column":4},"end":{"line":153,"column":58}}},"fnMap":{"0":{"name":"(anonymous_0)","decl":{"start":{"line":10,"column":12},"end":{"line":10,"column":13}},"loc":{"start":{"line":10,"column":18},"end":{"line":154,"column":1}},"line":10},"1":{"name":"(anonymous_1)","decl":{"start":{"line":22,"column":14},"end":{"line":22,"column":15}},"loc":{"start":{"line":22,"column":20},"end":{"line":25,"column":5}},"line":22},"2":{"name":"(anonymous_2)","decl":{"start":{"line":27,"column":14},"end":{"line":27,"column":15}},"loc":{"start":{"line":27,"column":20},"end":{"line":31,"column":9}},"line":27},"3":{"name":"isGameOver","decl":{"start":{"line":33,"column":13},"end":{"line":33,"column":23}},"loc":{"start":{"line":33,"column":26},"end":{"line":42,"column":5}},"line":33},"4":{"name":"resetGame","decl":{"start":{"line":44,"column":13},"end":{"line":44,"column":22}},"loc":{"start":{"line":44,"column":25},"end":{"line":48,"column":5}},"line":44},"5":{"name":"grabSubjectData","decl":{"start":{"line":50,"column":13},"end":{"line":50,"column":28}},"loc":{"start":{"line":50,"column":39},"end":{"line":67,"column":5}},"line":50},"6":{"name":"(anonymous_6)","decl":{"start":{"line":53,"column":14},"end":{"line":53,"column":15}},"loc":{"start":{"line":53,"column":28},"end":{"line":65,"column":9}},"line":53},"7":{"name":"(anonymous_7)","decl":{"start":{"line":55,"column":52},"end":{"line":55,"column":53}},"loc":{"start":{"line":55,"column":65},"end":{"line":62,"column":13}},"line":55},"8":{"name":"(anonymous_8)","decl":{"start":{"line":59,"column":50},"end":{"line":59,"column":51}},"loc":{"start":{"line":59,"column":59},"end":{"line":59,"column":80}},"line":59},"9":{"name":"(anonymous_9)","decl":{"start":{"line":66,"column":15},"end":{"line":66,"column":16}},"loc":{"start":{"line":66,"column":24},"end":{"line":66,"column":40}},"line":66},"10":{"name":"grabPhotoInfo","decl":{"start":{"line":69,"column":13},"end":{"line":69,"column":26}},"loc":{"start":{"line":69,"column":37},"end":{"line":78,"column":5}},"line":69},"11":{"name":"(anonymous_11)","decl":{"start":{"line":72,"column":14},"end":{"line":72,"column":15}},"loc":{"start":{"line":72,"column":28},"end":{"line":76,"column":9}},"line":72},"12":{"name":"(anonymous_12)","decl":{"start":{"line":77,"column":15},"end":{"line":77,"column":16}},"loc":{"start":{"line":77,"column":24},"end":{"line":77,"column":40}},"line":77},"13":{"name":"tryCoords","decl":{"start":{"line":80,"column":13},"end":{"line":80,"column":22}},"loc":{"start":{"line":80,"column":35},"end":{"line":88,"column":5}},"line":80},"14":{"name":"(anonymous_14)","decl":{"start":{"line":81,"column":42},"end":{"line":81,"column":43}},"loc":{"start":{"line":81,"column":52},"end":{"line":81,"column":70}},"line":81},"15":{"name":"displayFoundCount","decl":{"start":{"line":90,"column":13},"end":{"line":90,"column":30}},"loc":{"start":{"line":90,"column":61},"end":{"line":96,"column":5}},"line":90},"16":{"name":"displayFoundSubject","decl":{"start":{"line":98,"column":13},"end":{"line":98,"column":32}},"loc":{"start":{"line":98,"column":42},"end":{"line":104,"column":5}},"line":98},"17":{"name":"buildTimeString","decl":{"start":{"line":106,"column":13},"end":{"line":106,"column":28}},"loc":{"start":{"line":106,"column":35},"end":{"line":109,"column":5}},"line":106}},"branchMap":{"0":{"loc":{"start":{"line":28,"column":8},"end":{"line":30,"column":11}},"type":"if","locations":[{"start":{"line":28,"column":8},"end":{"line":30,"column":11}},{"start":{},"end":{}}],"line":28},"1":{"loc":{"start":{"line":34,"column":8},"end":{"line":41,"column":9}},"type":"if","locations":[{"start":{"line":34,"column":8},"end":{"line":41,"column":9}},{"start":{"line":39,"column":15},"end":{"line":41,"column":9}}],"line":34},"2":{"loc":{"start":{"line":35,"column":12},"end":{"line":36,"column":53}},"type":"binary-expr","locations":[{"start":{"line":35,"column":12},"end":{"line":35,"column":35}},{"start":{"line":36,"column":12},"end":{"line":36,"column":53}}],"line":35},"3":{"loc":{"start":{"line":73,"column":12},"end":{"line":75,"column":13}},"type":"if","locations":[{"start":{"line":73,"column":12},"end":{"line":75,"column":13}},{"start":{},"end":{}}],"line":73},"4":{"loc":{"start":{"line":83,"column":8},"end":{"line":87,"column":9}},"type":"if","locations":[{"start":{"line":83,"column":8},"end":{"line":87,"column":9}},{"start":{"line":85,"column":15},"end":{"line":87,"column":9}}],"line":83},"5":{"loc":{"start":{"line":83,"column":11},"end":{"line":83,"column":77}},"type":"binary-expr","locations":[{"start":{"line":83,"column":11},"end":{"line":83,"column":24}},{"start":{"line":83,"column":28},"end":{"line":83,"column":42}},{"start":{"line":83,"column":46},"end":{"line":83,"column":61}},{"start":{"line":83,"column":65},"end":{"line":83,"column":77}}],"line":83},"6":{"loc":{"start":{"line":108,"column":43},"end":{"line":108,"column":66}},"type":"cond-expr","locations":[{"start":{"line":108,"column":58},"end":{"line":108,"column":61}},{"start":{"line":108,"column":64},"end":{"line":108,"column":66}}],"line":108},"7":{"loc":{"start":{"line":112,"column":4},"end":{"line":151,"column":5}},"type":"if","locations":[{"start":{"line":112,"column":4},"end":{"line":151,"column":5}},{"start":{"line":121,"column":11},"end":{"line":151,"column":5}}],"line":112},"8":{"loc":{"start":{"line":121,"column":11},"end":{"line":151,"column":5}},"type":"if","locations":[{"start":{"line":121,"column":11},"end":{"line":151,"column":5}},{"start":{"line":133,"column":11},"end":{"line":151,"column":5}}],"line":121}},"s":{"0":1,"1":0,"2":0,"3":0,"4":0,"5":0,"6":0,"7":0,"8":0,"9":0,"10":0,"11":0,"12":0,"13":0,"14":0,"15":0,"16":0,"17":0,"18":0,"19":0,"20":0,"21":0,"22":0,"23":0,"24":0,"25":0,"26":0,"27":0,"28":0,"29":0,"30":0,"31":0,"32":0,"33":0,"34":0,"35":0,"36":0,"37":0,"38":0,"39":0,"40":0,"41":0,"42":0,"43":0,"44":0,"45":0,"46":0,"47":0},"f":{"0":0,"1":0,"2":0,"3":0,"4":0,"5":0,"6":0,"7":0,"8":0,"9":0,"10":0,"11":0,"12":0,"13":0,"14":0,"15":0,"16":0,"17":0},"b":{"0":[0,0],"1":[0,0],"2":[0,0],"3":[0,0],"4":[0,0],"5":[0,0,0,0],"6":[0,0],"7":[0,0],"8":[0,0]},"_coverageSchema":"1a1c01bbd47fc00a2c39e90264f33305004495a9","hash":"7b0bd1eacdd4fc3f805667b694c18a55b928313e"}
,"F:\\TOP\\wheres-waldo\\app\\javascript\\components\\DialogBox.js": {"path":"F:\\TOP\\wheres-waldo\\app\\javascript\\components\\DialogBox.js","statementMap":{"0":{"start":{"line":3,"column":18},"end":{"line":32,"column":1}},"1":{"start":{"line":5,"column":8},"end":{"line":9,"column":11}},"2":{"start":{"line":6,"column":74},"end":{"line":6,"column":118}},"3":{"start":{"line":12,"column":20},"end":{"line":16,"column":5}},"4":{"start":{"line":18,"column":22},"end":{"line":22,"column":5}},"5":{"start":{"line":24,"column":4},"end":{"line":31,"column":6}},"6":{"start":{"line":27,"column":66},"end":{"line":27,"column":79}}},"fnMap":{"0":{"name":"(anonymous_0)","decl":{"start":{"line":3,"column":18},"end":{"line":3,"column":19}},"loc":{"start":{"line":3,"column":73},"end":{"line":32,"column":1}},"line":3},"1":{"name":"dialogOption","decl":{"start":{"line":4,"column":13},"end":{"line":4,"column":25}},"loc":{"start":{"line":4,"column":33},"end":{"line":10,"column":5}},"line":4},"2":{"name":"(anonymous_2)","decl":{"start":{"line":6,"column":68},"end":{"line":6,"column":69}},"loc":{"start":{"line":6,"column":74},"end":{"line":6,"column":118}},"line":6},"3":{"name":"(anonymous_3)","decl":{"start":{"line":27,"column":60},"end":{"line":27,"column":61}},"loc":{"start":{"line":27,"column":66},"end":{"line":27,"column":79}},"line":27}},"branchMap":{"0":{"loc":{"start":{"line":25,"column":16},"end":{"line":25,"column":42}},"type":"cond-expr","locations":[{"start":{"line":25,"column":23},"end":{"line":25,"column":30}},{"start":{"line":25,"column":33},"end":{"line":25,"column":42}}],"line":25}},"s":{"0":1,"1":0,"2":0,"3":0,"4":0,"5":0,"6":0},"f":{"0":0,"1":0,"2":0,"3":0},"b":{"0":[0,0]},"_coverageSchema":"1a1c01bbd47fc00a2c39e90264f33305004495a9","hash":"4168bb156b3f0935ef415863a35f22f12bb8e331"}
,"F:\\TOP\\wheres-waldo\\app\\javascript\\components\\GameOverScreen.js": {"path":"F:\\TOP\\wheres-waldo\\app\\javascript\\components\\GameOverScreen.js","statementMap":{"0":{"start":{"line":5,"column":23},"end":{"line":136,"column":1}},"1":{"start":{"line":12,"column":38},"end":{"line":12,"column":50}},"2":{"start":{"line":13,"column":48},"end":{"line":13,"column":63}},"3":{"start":{"line":14,"column":52},"end":{"line":14,"column":64}},"4":{"start":{"line":16,"column":4},"end":{"line":18,"column":25}},"5":{"start":{"line":17,"column":8},"end":{"line":17,"column":36}},"6":{"start":{"line":21,"column":8},"end":{"line":33,"column":44}},"7":{"start":{"line":24,"column":12},"end":{"line":31,"column":16}},"8":{"start":{"line":26,"column":20},"end":{"line":29,"column":22}},"9":{"start":{"line":33,"column":26},"end":{"line":33,"column":42}},"10":{"start":{"line":37,"column":8},"end":{"line":37,"column":74}},"11":{"start":{"line":41,"column":20},"end":{"line":43,"column":10}},"12":{"start":{"line":42,"column":12},"end":{"line":42,"column":40}},"13":{"start":{"line":44,"column":8},"end":{"line":44,"column":78}},"14":{"start":{"line":44,"column":51},"end":{"line":44,"column":56}},"15":{"start":{"line":48,"column":8},"end":{"line":53,"column":10}},"16":{"start":{"line":57,"column":8},"end":{"line":57,"column":46}},"17":{"start":{"line":61,"column":21},"end":{"line":61,"column":23}},"18":{"start":{"line":62,"column":25},"end":{"line":62,"column":72}},"19":{"start":{"line":63,"column":8},"end":{"line":75,"column":9}},"20":{"start":{"line":64,"column":12},"end":{"line":64,"column":54}},"21":{"start":{"line":65,"column":15},"end":{"line":75,"column":9}},"22":{"start":{"line":66,"column":12},"end":{"line":66,"column":56}},"23":{"start":{"line":67,"column":15},"end":{"line":75,"column":9}},"24":{"start":{"line":69,"column":16},"end":{"line":69,"column":43}},"25":{"start":{"line":72,"column":12},"end":{"line":72,"column":56}},"26":{"start":{"line":74,"column":12},"end":{"line":74,"column":32}},"27":{"start":{"line":76,"column":8},"end":{"line":76,"column":61}},"28":{"start":{"line":81,"column":28},"end":{"line":81,"column":50}},"29":{"start":{"line":82,"column":22},"end":{"line":87,"column":9}},"30":{"start":{"line":88,"column":8},"end":{"line":96,"column":44}},"31":{"start":{"line":96,"column":26},"end":{"line":96,"column":42}},"32":{"start":{"line":100,"column":4},"end":{"line":128,"column":5}},"33":{"start":{"line":101,"column":8},"end":{"line":119,"column":12}},"34":{"start":{"line":112,"column":64},"end":{"line":112,"column":80}},"35":{"start":{"line":121,"column":8},"end":{"line":127,"column":10}},"36":{"start":{"line":125,"column":57},"end":{"line":125,"column":68}},"37":{"start":{"line":130,"column":2},"end":{"line":135,"column":4}}},"fnMap":{"0":{"name":"(anonymous_0)","decl":{"start":{"line":5,"column":23},"end":{"line":5,"column":24}},"loc":{"start":{"line":11,"column":6},"end":{"line":136,"column":1}},"line":11},"1":{"name":"(anonymous_1)","decl":{"start":{"line":16,"column":14},"end":{"line":16,"column":15}},"loc":{"start":{"line":16,"column":20},"end":{"line":18,"column":5}},"line":16},"2":{"name":"grabScoreData","decl":{"start":{"line":20,"column":13},"end":{"line":20,"column":26}},"loc":{"start":{"line":20,"column":41},"end":{"line":34,"column":5}},"line":20},"3":{"name":"(anonymous_3)","decl":{"start":{"line":23,"column":16},"end":{"line":23,"column":17}},"loc":{"start":{"line":23,"column":30},"end":{"line":32,"column":11}},"line":23},"4":{"name":"(anonymous_4)","decl":{"start":{"line":25,"column":39},"end":{"line":25,"column":40}},"loc":{"start":{"line":25,"column":50},"end":{"line":30,"column":17}},"line":25},"5":{"name":"(anonymous_5)","decl":{"start":{"line":33,"column":17},"end":{"line":33,"column":18}},"loc":{"start":{"line":33,"column":26},"end":{"line":33,"column":42}},"line":33},"6":{"name":"scoreQualifies","decl":{"start":{"line":36,"column":13},"end":{"line":36,"column":27}},"loc":{"start":{"line":36,"column":30},"end":{"line":38,"column":5}},"line":36},"7":{"name":"calculateRank","decl":{"start":{"line":40,"column":13},"end":{"line":40,"column":26}},"loc":{"start":{"line":40,"column":29},"end":{"line":45,"column":5}},"line":40},"8":{"name":"(anonymous_8)","decl":{"start":{"line":41,"column":34},"end":{"line":41,"column":35}},"loc":{"start":{"line":41,"column":45},"end":{"line":43,"column":9}},"line":41},"9":{"name":"(anonymous_9)","decl":{"start":{"line":44,"column":41},"end":{"line":44,"column":42}},"loc":{"start":{"line":44,"column":51},"end":{"line":44,"column":56}},"line":44},"10":{"name":"displayScore","decl":{"start":{"line":47,"column":13},"end":{"line":47,"column":25}},"loc":{"start":{"line":47,"column":40},"end":{"line":54,"column":5}},"line":47},"11":{"name":"displayError","decl":{"start":{"line":56,"column":13},"end":{"line":56,"column":25}},"loc":{"start":{"line":56,"column":40},"end":{"line":58,"column":5}},"line":56},"12":{"name":"submitInitials","decl":{"start":{"line":60,"column":13},"end":{"line":60,"column":27}},"loc":{"start":{"line":60,"column":30},"end":{"line":78,"column":5}},"line":60},"13":{"name":"(anonymous_13)","decl":{"start":{"line":68,"column":36},"end":{"line":68,"column":37}},"loc":{"start":{"line":68,"column":46},"end":{"line":70,"column":13}},"line":68},"14":{"name":"postScore","decl":{"start":{"line":80,"column":13},"end":{"line":80,"column":22}},"loc":{"start":{"line":80,"column":33},"end":{"line":97,"column":5}},"line":80},"15":{"name":"(anonymous_15)","decl":{"start":{"line":96,"column":17},"end":{"line":96,"column":18}},"loc":{"start":{"line":96,"column":26},"end":{"line":96,"column":42}},"line":96},"16":{"name":"(anonymous_16)","decl":{"start":{"line":112,"column":58},"end":{"line":112,"column":59}},"loc":{"start":{"line":112,"column":64},"end":{"line":112,"column":80}},"line":112},"17":{"name":"(anonymous_17)","decl":{"start":{"line":125,"column":51},"end":{"line":125,"column":52}},"loc":{"start":{"line":125,"column":57},"end":{"line":125,"column":68}},"line":125}},"branchMap":{"0":{"loc":{"start":{"line":37,"column":15},"end":{"line":37,"column":73}},"type":"binary-expr","locations":[{"start":{"line":37,"column":15},"end":{"line":37,"column":35}},{"start":{"line":37,"column":39},"end":{"line":37,"column":73}}],"line":37},"1":{"loc":{"start":{"line":63,"column":8},"end":{"line":75,"column":9}},"type":"if","locations":[{"start":{"line":63,"column":8},"end":{"line":75,"column":9}},{"start":{"line":65,"column":15},"end":{"line":75,"column":9}}],"line":63},"2":{"loc":{"start":{"line":65,"column":15},"end":{"line":75,"column":9}},"type":"if","locations":[{"start":{"line":65,"column":15},"end":{"line":75,"column":9}},{"start":{"line":67,"column":15},"end":{"line":75,"column":9}}],"line":65},"3":{"loc":{"start":{"line":67,"column":15},"end":{"line":75,"column":9}},"type":"if","locations":[{"start":{"line":67,"column":15},"end":{"line":75,"column":9}},{"start":{"line":73,"column":15},"end":{"line":75,"column":9}}],"line":67},"4":{"loc":{"start":{"line":100,"column":4},"end":{"line":128,"column":5}},"type":"if","locations":[{"start":{"line":100,"column":4},"end":{"line":128,"column":5}},{"start":{"line":120,"column":11},"end":{"line":128,"column":5}}],"line":100},"5":{"loc":{"start":{"line":100,"column":8},"end":{"line":100,"column":61}},"type":"binary-expr","locations":[{"start":{"line":100,"column":8},"end":{"line":100,"column":33}},{"start":{"line":100,"column":37},"end":{"line":100,"column":61}}],"line":100}},"s":{"0":1,"1":0,"2":0,"3":0,"4":0,"5":0,"6":0,"7":0,"8":0,"9":0,"10":0,"11":0,"12":0,"13":0,"14":0,"15":0,"16":0,"17":0,"18":0,"19":0,"20":0,"21":0,"22":0,"23":0,"24":0,"25":0,"26":0,"27":0,"28":0,"29":0,"30":0,"31":0,"32":0,"33":0,"34":0,"35":0,"36":0,"37":0},"f":{"0":0,"1":0,"2":0,"3":0,"4":0,"5":0,"6":0,"7":0,"8":0,"9":0,"10":0,"11":0,"12":0,"13":0,"14":0,"15":0,"16":0,"17":0},"b":{"0":[0,0],"1":[0,0],"2":[0,0],"3":[0,0],"4":[0,0],"5":[0,0]},"_coverageSchema":"1a1c01bbd47fc00a2c39e90264f33305004495a9","hash":"d8763e285707b3cf2a7ff0c383832d38235ee5ed"}
,"F:\\TOP\\wheres-waldo\\app\\javascript\\components\\IntroScreen.js": {"path":"F:\\TOP\\wheres-waldo\\app\\javascript\\components\\IntroScreen.js","statementMap":{"0":{"start":{"line":6,"column":20},"end":{"line":99,"column":1}},"1":{"start":{"line":7,"column":52},"end":{"line":7,"column":63}},"2":{"start":{"line":8,"column":38},"end":{"line":8,"column":50}},"3":{"start":{"line":10,"column":4},"end":{"line":12,"column":11}},"4":{"start":{"line":11,"column":8},"end":{"line":11,"column":21}},"5":{"start":{"line":15,"column":8},"end":{"line":30,"column":44}},"6":{"start":{"line":18,"column":27},"end":{"line":27,"column":14}},"7":{"start":{"line":19,"column":16},"end":{"line":26,"column":18}},"8":{"start":{"line":24,"column":37},"end":{"line":24,"column":84}},"9":{"start":{"line":28,"column":12},"end":{"line":28,"column":33}},"10":{"start":{"line":30,"column":26},"end":{"line":30,"column":42}},"11":{"start":{"line":34,"column":8},"end":{"line":46,"column":10}},"12":{"start":{"line":36,"column":29},"end":{"line":36,"column":58}},"13":{"start":{"line":50,"column":8},"end":{"line":59,"column":11}},"14":{"start":{"line":51,"column":12},"end":{"line":58,"column":12}},"15":{"start":{"line":63,"column":8},"end":{"line":63,"column":43}},"16":{"start":{"line":64,"column":8},"end":{"line":64,"column":29}},"17":{"start":{"line":68,"column":4},"end":{"line":88,"column":5}},"18":{"start":{"line":69,"column":8},"end":{"line":74,"column":10}},"19":{"start":{"line":76,"column":8},"end":{"line":87,"column":8}},"20":{"start":{"line":81,"column":44},"end":{"line":81,"column":73}},"21":{"start":{"line":85,"column":55},"end":{"line":85,"column":66}},"22":{"start":{"line":90,"column":4},"end":{"line":98,"column":4}}},"fnMap":{"0":{"name":"(anonymous_0)","decl":{"start":{"line":6,"column":20},"end":{"line":6,"column":21}},"loc":{"start":{"line":6,"column":62},"end":{"line":99,"column":1}},"line":6},"1":{"name":"(anonymous_1)","decl":{"start":{"line":10,"column":14},"end":{"line":10,"column":15}},"loc":{"start":{"line":10,"column":20},"end":{"line":12,"column":5}},"line":10},"2":{"name":"grabPhotos","decl":{"start":{"line":14,"column":13},"end":{"line":14,"column":23}},"loc":{"start":{"line":14,"column":26},"end":{"line":31,"column":5}},"line":14},"3":{"name":"(anonymous_3)","decl":{"start":{"line":17,"column":16},"end":{"line":17,"column":17}},"loc":{"start":{"line":17,"column":29},"end":{"line":29,"column":11}},"line":17},"4":{"name":"(anonymous_4)","decl":{"start":{"line":18,"column":49},"end":{"line":18,"column":50}},"loc":{"start":{"line":18,"column":60},"end":{"line":27,"column":13}},"line":18},"5":{"name":"(anonymous_5)","decl":{"start":{"line":24,"column":24},"end":{"line":24,"column":25}},"loc":{"start":{"line":24,"column":37},"end":{"line":24,"column":84}},"line":24},"6":{"name":"(anonymous_6)","decl":{"start":{"line":30,"column":17},"end":{"line":30,"column":18}},"loc":{"start":{"line":30,"column":26},"end":{"line":30,"column":42}},"line":30},"7":{"name":"displayPhoto","decl":{"start":{"line":33,"column":13},"end":{"line":33,"column":25}},"loc":{"start":{"line":33,"column":33},"end":{"line":47,"column":5}},"line":33},"8":{"name":"(anonymous_8)","decl":{"start":{"line":36,"column":23},"end":{"line":36,"column":24}},"loc":{"start":{"line":36,"column":29},"end":{"line":36,"column":58}},"line":36},"9":{"name":"displaySubjects","decl":{"start":{"line":49,"column":13},"end":{"line":49,"column":28}},"loc":{"start":{"line":49,"column":36},"end":{"line":60,"column":5}},"line":49},"10":{"name":"(anonymous_10)","decl":{"start":{"line":50,"column":33},"end":{"line":50,"column":34}},"loc":{"start":{"line":50,"column":46},"end":{"line":59,"column":9}},"line":50},"11":{"name":"startGame","decl":{"start":{"line":62,"column":13},"end":{"line":62,"column":22}},"loc":{"start":{"line":62,"column":25},"end":{"line":65,"column":5}},"line":62},"12":{"name":"(anonymous_12)","decl":{"start":{"line":81,"column":33},"end":{"line":81,"column":34}},"loc":{"start":{"line":81,"column":44},"end":{"line":81,"column":73}},"line":81},"13":{"name":"(anonymous_13)","decl":{"start":{"line":85,"column":49},"end":{"line":85,"column":50}},"loc":{"start":{"line":85,"column":55},"end":{"line":85,"column":66}},"line":85}},"branchMap":{"0":{"loc":{"start":{"line":68,"column":4},"end":{"line":88,"column":5}},"type":"if","locations":[{"start":{"line":68,"column":4},"end":{"line":88,"column":5}},{"start":{"line":75,"column":11},"end":{"line":88,"column":5}}],"line":68}},"s":{"0":1,"1":0,"2":0,"3":0,"4":0,"5":0,"6":0,"7":0,"8":0,"9":0,"10":0,"11":0,"12":0,"13":0,"14":0,"15":0,"16":0,"17":0,"18":0,"19":0,"20":0,"21":0,"22":0},"f":{"0":0,"1":0,"2":0,"3":0,"4":0,"5":0,"6":0,"7":0,"8":0,"9":0,"10":0,"11":0,"12":0,"13":0},"b":{"0":[0,0]},"_coverageSchema":"1a1c01bbd47fc00a2c39e90264f33305004495a9","hash":"f92bea320658d17d3ebe10a0cb0f3156bd1e6e45"}
,"F:\\TOP\\wheres-waldo\\app\\javascript\\components\\Photo.js": {"path":"F:\\TOP\\wheres-waldo\\app\\javascript\\components\\Photo.js","statementMap":{"0":{"start":{"line":5,"column":14},"end":{"line":62,"column":1}},"1":{"start":{"line":6,"column":42},"end":{"line":6,"column":58}},"2":{"start":{"line":7,"column":40},"end":{"line":7,"column":55}},"3":{"start":{"line":10,"column":8},"end":{"line":16,"column":9}},"4":{"start":{"line":11,"column":25},"end":{"line":11,"column":61}},"5":{"start":{"line":12,"column":22},"end":{"line":12,"column":47}},"6":{"start":{"line":13,"column":22},"end":{"line":13,"column":49}},"7":{"start":{"line":15,"column":12},"end":{"line":15,"column":35}},"8":{"start":{"line":17,"column":8},"end":{"line":17,"column":21}},"9":{"start":{"line":21,"column":8},"end":{"line":21,"column":30}},"10":{"start":{"line":22,"column":8},"end":{"line":22,"column":22}},"11":{"start":{"line":26,"column":8},"end":{"line":26,"column":29}},"12":{"start":{"line":30,"column":8},"end":{"line":38,"column":10}},"13":{"start":{"line":41,"column":4},"end":{"line":61,"column":6}},"14":{"start":{"line":52,"column":26},"end":{"line":52,"column":75}},"15":{"start":{"line":52,"column":55},"end":{"line":52,"column":59}}},"fnMap":{"0":{"name":"(anonymous_0)","decl":{"start":{"line":5,"column":14},"end":{"line":5,"column":15}},"loc":{"start":{"line":5,"column":56},"end":{"line":62,"column":1}},"line":5},"1":{"name":"createDialogBox","decl":{"start":{"line":9,"column":13},"end":{"line":9,"column":28}},"loc":{"start":{"line":9,"column":36},"end":{"line":18,"column":5}},"line":9},"2":{"name":"makeGuess","decl":{"start":{"line":20,"column":13},"end":{"line":20,"column":22}},"loc":{"start":{"line":20,"column":35},"end":{"line":23,"column":5}},"line":20},"3":{"name":"closeDialog","decl":{"start":{"line":25,"column":13},"end":{"line":25,"column":24}},"loc":{"start":{"line":25,"column":27},"end":{"line":27,"column":5}},"line":25},"4":{"name":"displayTargetBox","decl":{"start":{"line":29,"column":13},"end":{"line":29,"column":29}},"loc":{"start":{"line":29,"column":39},"end":{"line":39,"column":5}},"line":29},"5":{"name":"(anonymous_5)","decl":{"start":{"line":52,"column":16},"end":{"line":52,"column":17}},"loc":{"start":{"line":52,"column":26},"end":{"line":52,"column":75}},"line":52},"6":{"name":"(anonymous_6)","decl":{"start":{"line":52,"column":45},"end":{"line":52,"column":46}},"loc":{"start":{"line":52,"column":55},"end":{"line":52,"column":59}},"line":52}},"branchMap":{"0":{"loc":{"start":{"line":10,"column":8},"end":{"line":16,"column":9}},"type":"if","locations":[{"start":{"line":10,"column":8},"end":{"line":16,"column":9}},{"start":{},"end":{}}],"line":10},"1":{"loc":{"start":{"line":43,"column":11},"end":{"line":49,"column":11}},"type":"binary-expr","locations":[{"start":{"line":43,"column":11},"end":{"line":43,"column":20}},{"start":{"line":44,"column":12},"end":{"line":48,"column":14}}],"line":43}},"s":{"0":1,"1":0,"2":0,"3":0,"4":0,"5":0,"6":0,"7":0,"8":0,"9":0,"10":0,"11":0,"12":0,"13":0,"14":0,"15":0},"f":{"0":0,"1":0,"2":0,"3":0,"4":0,"5":0,"6":0},"b":{"0":[0,0],"1":[0,0]},"_coverageSchema":"1a1c01bbd47fc00a2c39e90264f33305004495a9","hash":"264a7a2d86301661717e4889b49db072cf488922"}
,"F:\\TOP\\wheres-waldo\\app\\javascript\\components\\PhotoCard.js": {"path":"F:\\TOP\\wheres-waldo\\app\\javascript\\components\\PhotoCard.js","statementMap":{"0":{"start":{"line":3,"column":18},"end":{"line":10,"column":1}},"1":{"start":{"line":4,"column":4},"end":{"line":9,"column":6}}},"fnMap":{"0":{"name":"(anonymous_0)","decl":{"start":{"line":3,"column":18},"end":{"line":3,"column":19}},"loc":{"start":{"line":3,"column":48},"end":{"line":10,"column":1}},"line":3}},"branchMap":{},"s":{"0":1,"1":0},"f":{"0":0},"b":{},"_coverageSchema":"1a1c01bbd47fc00a2c39e90264f33305004495a9","hash":"1309e17e18f2f63948aab76eb68237f2d9e6b096"}
,"F:\\TOP\\wheres-waldo\\app\\javascript\\components\\TargetBox.js": {"path":"F:\\TOP\\wheres-waldo\\app\\javascript\\components\\TargetBox.js","statementMap":{"0":{"start":{"line":3,"column":18},"end":{"line":14,"column":1}},"1":{"start":{"line":4,"column":18},"end":{"line":9,"column":5}},"2":{"start":{"line":11,"column":4},"end":{"line":13,"column":6}}},"fnMap":{"0":{"name":"(anonymous_0)","decl":{"start":{"line":3,"column":18},"end":{"line":3,"column":19}},"loc":{"start":{"line":3,"column":52},"end":{"line":14,"column":1}},"line":3}},"branchMap":{},"s":{"0":1,"1":0,"2":0},"f":{"0":0},"b":{},"_coverageSchema":"1a1c01bbd47fc00a2c39e90264f33305004495a9","hash":"ab19ddaa87f6909506281cd65fd60f9b7c1ca961"}
,"F:\\TOP\\wheres-waldo\\app\\javascript\\components\\Timer.js": {"path":"F:\\TOP\\wheres-waldo\\app\\javascript\\components\\Timer.js","statementMap":{"0":{"start":{"line":3,"column":14},"end":{"line":20,"column":1}},"1":{"start":{"line":4,"column":34},"end":{"line":4,"column":45}},"2":{"start":{"line":6,"column":4},"end":{"line":17,"column":28}},"3":{"start":{"line":7,"column":23},"end":{"line":7,"column":27}},"4":{"start":{"line":8,"column":8},"end":{"line":15,"column":9}},"5":{"start":{"line":9,"column":12},"end":{"line":12,"column":21}},"6":{"start":{"line":10,"column":16},"end":{"line":10,"column":53}},"7":{"start":{"line":10,"column":40},"end":{"line":10,"column":51}},"8":{"start":{"line":11,"column":16},"end":{"line":11,"column":39}},"9":{"start":{"line":13,"column":15},"end":{"line":15,"column":9}},"10":{"start":{"line":14,"column":12},"end":{"line":14,"column":36}},"11":{"start":{"line":16,"column":8},"end":{"line":16,"column":45}},"12":{"start":{"line":16,"column":21},"end":{"line":16,"column":44}},"13":{"start":{"line":19,"column":4},"end":{"line":19,"column":74}}},"fnMap":{"0":{"name":"(anonymous_0)","decl":{"start":{"line":3,"column":14},"end":{"line":3,"column":15}},"loc":{"start":{"line":3,"column":64},"end":{"line":20,"column":1}},"line":3},"1":{"name":"(anonymous_1)","decl":{"start":{"line":6,"column":14},"end":{"line":6,"column":15}},"loc":{"start":{"line":6,"column":20},"end":{"line":17,"column":5}},"line":6},"2":{"name":"(anonymous_2)","decl":{"start":{"line":9,"column":35},"end":{"line":9,"column":36}},"loc":{"start":{"line":9,"column":41},"end":{"line":12,"column":13}},"line":9},"3":{"name":"(anonymous_3)","decl":{"start":{"line":10,"column":27},"end":{"line":10,"column":28}},"loc":{"start":{"line":10,"column":40},"end":{"line":10,"column":51}},"line":10},"4":{"name":"(anonymous_4)","decl":{"start":{"line":16,"column":15},"end":{"line":16,"column":16}},"loc":{"start":{"line":16,"column":21},"end":{"line":16,"column":44}},"line":16}},"branchMap":{"0":{"loc":{"start":{"line":8,"column":8},"end":{"line":15,"column":9}},"type":"if","locations":[{"start":{"line":8,"column":8},"end":{"line":15,"column":9}},{"start":{"line":13,"column":15},"end":{"line":15,"column":9}}],"line":8},"1":{"loc":{"start":{"line":13,"column":15},"end":{"line":15,"column":9}},"type":"if","locations":[{"start":{"line":13,"column":15},"end":{"line":15,"column":9}},{"start":{},"end":{}}],"line":13},"2":{"loc":{"start":{"line":13,"column":19},"end":{"line":13,"column":44}},"type":"binary-expr","locations":[{"start":{"line":13,"column":19},"end":{"line":13,"column":28}},{"start":{"line":13,"column":32},"end":{"line":13,"column":44}}],"line":13}},"s":{"0":1,"1":0,"2":0,"3":0,"4":0,"5":0,"6":0,"7":0,"8":0,"9":0,"10":0,"11":0,"12":0,"13":0},"f":{"0":0,"1":0,"2":0,"3":0,"4":0},"b":{"0":[0,0],"1":[0,0],"2":[0,0]},"_coverageSchema":"1a1c01bbd47fc00a2c39e90264f33305004495a9","hash":"14ca5e4e9a9384fc69f00d34cc1f097a3d0adba9"}
,"F:\\TOP\\wheres-waldo\\app\\javascript\\test\\mockData.js": {"path":"F:\\TOP\\wheres-waldo\\app\\javascript\\test\\mockData.js","statementMap":{"0":{"start":{"line":1,"column":24},"end":{"line":80,"column":1}}},"fnMap":{},"branchMap":{},"s":{"0":1},"f":{},"b":{},"_coverageSchema":"1a1c01bbd47fc00a2c39e90264f33305004495a9","hash":"5b68d635589955115a8394e9f5717a4b940094f0"}
}
